<?xml version="1.0" encoding="UTF-8"?>
<!-- Generated by org.testng.reporters.JUnitReportReporter -->
<testsuite skipped="0" hostname="TRG525170.regence.com" name="com.cucumbercraft.runners.RunCucumberTests_Regression" tests="3" failures="0" timestamp="02 Jul 2019 20:32:07 GMT" time="16.719" errors="0">
  <testcase name="feature" time="2.122" classname="com.cucumbercraft.runners.RunCucumberTests_Regression"/>
  <testcase name="feature" time="6.173" classname="com.cucumbercraft.runners.RunCucumberTests_Regression"/>
  <testcase name="feature" time="8.424" classname="com.cucumbercraft.runners.RunCucumberTests_Regression"/>
</testsuite> <!-- com.cucumbercraft.runners.RunCucumberTests_Regression -->
