<?xml version="1.0" encoding="UTF-8"?>
<!-- Generated by org.testng.reporters.JUnitReportReporter -->
<testsuite skipped="0" hostname="TRG525170.hsd1.or.comcast.net" name="com.cucumbercraft.runners.RunCucumberTests_Smoke" tests="1" failures="0" timestamp="09 Nov 2019 20:27:41 GMT" time="214.014" errors="0">
  <testcase name="feature" time="214.014" classname="com.cucumbercraft.runners.RunCucumberTests_Smoke"/>
</testsuite> <!-- com.cucumbercraft.runners.RunCucumberTests_Smoke -->
